/home/cs16067/game/MapGameController.java:10: エラー: パッケージjavafx.scene.inpotは存在しません
import javafx.scene.inpot.KeyCode;
                         ^
/home/cs16067/game/MapGameController.java:80: エラー: シンボルを見つけられません
    KeyCode key = event.getCode();
    ^
  シンボル:   クラス KeyCode
  場所: クラス MapGameController
/home/cs16067/game/MapGameController.java:81: エラー: シンボルを見つけられません
    if(key == KeyCode.UP) {
              ^
  シンボル:   変数 KeyCode
  場所: クラス MapGameController
/home/cs16067/game/MapGameController.java:83: エラー: シンボルを見つけられません
    } else if(key == KeyCode.DOWN) {
                     ^
  シンボル:   変数 KeyCode
  場所: クラス MapGameController
/home/cs16067/game/MapGameController.java:85: エラー: シンボルを見つけられません
    } else if(key == KeyCode.LEFT) {
                     ^
  シンボル:   変数 KeyCode
  場所: クラス MapGameController
/home/cs16067/game/MapGameController.java:87: エラー: シンボルを見つけられません
    } else if(key == KeyCode.RIGHT) {
                     ^
  シンボル:   変数 KeyCode
  場所: クラス MapGameController
/home/cs16067/game/MapGameController.java:88: エラー: シンボルを見つけられません
      rightButtionAction();
      ^
  シンボル:   メソッド rightButtionAction()
  場所: クラス MapGameController
エラー7個
