./MapGame 16/12/02_10:14:31
./MapGameController 16/12/02_10:17:05
エラー: メイン・メソッドがクラスMapGameControllerで見つかりません。次のようにメイン・メソッドを定義してください。
./MapGame 16/12/02_10:17:15
./Map 16/12/02_10:19:29
エラー: メイン・クラスMapが見つからなかったかロードできませんでした
./MapGame 16/12/02_10:19:33
ClosedLoop
./MapGame] 16/12/02_10:24:55
エラー: メイン・クラスMapGame]が見つからなかったかロードできませんでした
./MapGame 16/12/02_10:24:56
./MapGame 16/12/02_10:25:12
./MapGame 16/12/02_10:29:25
./MapGame 16/12/02_10:30:35
Exception in Application start method
./MapGame 16/12/02_10:30:48
Exception in Application start method
./MapGame 16/12/02_10:31:25
Exception in Application start method
./MapGame 16/12/02_10:31:33
Exception in Application start method
./MapGame 16/12/02_10:32:39
Exception in Application start method
./MapGame 16/12/02_10:33:17
./MapGame 16/12/02_10:35:06
./MapGame 16/12/02_10:38:20
./MapGame 16/12/03_01:14:50
./MapGame 16/12/09_11:20:05
Exception in Application start method
./MapGame 16/12/09_11:25:19
ClosedLoop
./MapGame 16/12/09_11:25:51
ClosedLoop
./MapGame 16/12/09_11:30:00
./MapGame 16/12/09_11:30:18
./MapGame 16/12/09_11:30:51
./MapGame 16/12/09_11:31:40
ClosedLoop
./MapGame 16/12/09_11:32:12
./MapGame 16/12/09_11:32:58
./MapGame 16/12/09_11:38:05
ClosedLoop
./MapGame 16/12/09_11:38:16
./MapGame 16/12/09_11:40:34
./MapGame 16/12/09_11:41:32
./MapGame 16/12/09_11:42:04
./MapGame 16/12/09_11:44:18
